[2022-10-03 07:32:49.967] [exthost] [info] Extension host with pid 39511 started
[2022-10-03 07:32:49.982] [exthost] [info] Lock '/home/ubuntu/.vscode-server/data/User/workspaceStorage/06e32b0644ed75a2adce7274ba639e87/vscode.lock': Lock acquired.
[2022-10-03 07:32:51.351] [exthost] [info] ExtensionService#_doActivateExtension vscode.debug-auto-launch, startup: true, activationEvent: '*'
[2022-10-03 07:32:51.366] [exthost] [info] ExtensionService#_doActivateExtension vscode.git-base, startup: true, activationEvent: '*', root cause: vscode.git
[2022-10-03 07:32:51.373] [exthost] [info] ExtensionService#_doActivateExtension vscode.ipynb, startup: true, activationEvent: '*'
[2022-10-03 07:32:53.573] [exthost] [info] ExtensionService#_doActivateExtension vscode.git, startup: true, activationEvent: '*'
[2022-10-03 07:32:53.696] [exthost] [info] ExtensionService#_doActivateExtension vscode.github, startup: true, activationEvent: '*'
[2022-10-03 07:32:54.615] [exthost] [info] ExtensionService#_doActivateExtension vscode.emmet, startup: false, activationEvent: 'onStartupFinished'
[2022-10-03 07:32:54.639] [exthost] [info] ExtensionService#_doActivateExtension vscode.merge-conflict, startup: false, activationEvent: 'onStartupFinished'
[2022-10-03 07:32:54.645] [exthost] [info] Eager extensions activated
[2022-10-03 07:55:15.579] [exthost] [info] ExtensionService#_doActivateExtension vscode.typescript-language-features, startup: false, activationEvent: 'onLanguage:javascript'
[2022-10-03 07:56:58.325] [exthost] [info] ExtensionService#_doActivateExtension vscode.configuration-editing, startup: false, activationEvent: 'onLanguage:json'
[2022-10-03 07:56:58.338] [exthost] [info] ExtensionService#_doActivateExtension vscode.extension-editing, startup: false, activationEvent: 'onLanguage:json'
[2022-10-03 07:56:58.361] [exthost] [info] ExtensionService#_doActivateExtension vscode.json-language-features, startup: false, activationEvent: 'onLanguage:json'
[2022-10-03 07:56:58.495] [exthost] [info] ExtensionService#_doActivateExtension vscode.npm, startup: false, activationEvent: 'onLanguage:json'
[2022-10-03 07:58:16.730] [exthost] [info] ExtensionService#_doActivateExtension vscode.debug-server-ready, startup: false, activationEvent: 'onDebugResolve'
[2022-10-03 07:58:16.740] [exthost] [info] ExtensionService#_doActivateExtension ms-vscode.js-debug, startup: false, activationEvent: 'onDebugResolve:pwa-node'
[2022-10-03 08:13:07.569] [exthost] [info] Extension host terminating: received terminate message from renderer
[2022-10-03 08:13:07.572] [exthost] [info] Lock '/home/ubuntu/.vscode-server/data/User/workspaceStorage/06e32b0644ed75a2adce7274ba639e87/vscode.lock': Marking the lockfile as scheduled to be released in 6000 ms.
[2022-10-03 08:13:07.618] [exthost] [info] Extension host with pid 39511 exiting with code 0
