0 verbose cli [ '/usr/bin/node', '/usr/bin/npm', 'install', 'nodemon' ]
1 info using npm@8.5.1
2 info using node@v12.22.9
3 timing npm:load:whichnode Completed in 0ms
4 timing config:load:defaults Completed in 3ms
5 timing config:load:file:/usr/share/nodejs/npm/npmrc Completed in 4ms
6 timing config:load:builtin Completed in 4ms
7 timing config:load:cli Completed in 2ms
8 timing config:load:env Completed in 0ms
9 timing config:load:project Completed in 3ms
10 timing config:load:file:/home/ubuntu/.npmrc Completed in 0ms
11 timing config:load:user Completed in 0ms
12 timing config:load:file:/etc/npmrc Completed in 0ms
13 timing config:load:global Completed in 0ms
14 timing config:load:validate Completed in 0ms
15 timing config:load:credentials Completed in 1ms
16 timing config:load:setEnvs Completed in 1ms
17 timing config:load Completed in 17ms
18 timing npm:load:configload Completed in 18ms
19 timing npm:load:setTitle Completed in 0ms
20 timing config:load:flatten Completed in 6ms
21 timing npm:load:display Completed in 10ms
22 verbose logfile /home/ubuntu/.npm/_logs/2022-10-03T08_12_01_559Z-debug-0.log
23 timing npm:load:logFile Completed in 11ms
24 timing npm:load:timers Completed in 0ms
25 timing npm:load:configScope Completed in 0ms
26 timing npm:load Completed in 41ms
27 timing arborist:ctor Completed in 1ms
28 silly logfile start cleaning logs, removing 1 files
29 timing idealTree:init Completed in 200ms
30 timing idealTree:userRequests Completed in 5ms
31 silly idealTree buildDeps
32 silly fetch manifest nodemon@*
33 timing arborist:ctor Completed in 0ms
34 http fetch GET 200 https://registry.npmjs.org/nodemon 272ms (cache miss)
35 silly placeDep ROOT nodemon@2.0.20 OK for: node@1.0.0 want: *
36 silly fetch manifest chokidar@^3.5.2
37 silly fetch manifest debug@^3.2.7
38 silly fetch manifest ignore-by-default@^1.0.1
39 silly fetch manifest pstree.remy@^1.1.8
40 silly fetch manifest semver@^5.7.1
41 silly fetch manifest simple-update-notifier@^1.0.7
42 silly fetch manifest supports-color@^5.5.0
43 silly fetch manifest touch@^3.1.0
44 silly fetch manifest undefsafe@^2.0.5
45 http fetch GET 200 https://registry.npmjs.org/pstree.remy 142ms (cache miss)
46 http fetch GET 200 https://registry.npmjs.org/semver 144ms (cache miss)
47 http fetch GET 200 https://registry.npmjs.org/chokidar 153ms (cache miss)
48 http fetch GET 200 https://registry.npmjs.org/supports-color 148ms (cache miss)
49 http fetch GET 200 https://registry.npmjs.org/debug 156ms (cache miss)
50 http fetch GET 200 https://registry.npmjs.org/simple-update-notifier 154ms (cache miss)
51 http fetch GET 200 https://registry.npmjs.org/undefsafe 152ms (cache miss)
52 http fetch GET 200 https://registry.npmjs.org/ignore-by-default 160ms (cache miss)
53 http fetch GET 200 https://registry.npmjs.org/touch 272ms (cache miss)
54 timing idealTree:#root Completed in 571ms
55 silly placeDep ROOT chokidar@3.5.3 OK for: nodemon@2.0.20 want: ^3.5.2
56 silly placeDep node_modules/nodemon debug@3.2.7 OK for: nodemon@2.0.20 want: ^3.2.7
57 silly placeDep ROOT ignore-by-default@1.0.1 OK for: nodemon@2.0.20 want: ^1.0.1
58 silly placeDep ROOT pstree.remy@1.1.8 OK for: nodemon@2.0.20 want: ^1.1.8
59 silly placeDep ROOT semver@5.7.1 OK for: nodemon@2.0.20 want: ^5.7.1
60 silly placeDep ROOT simple-update-notifier@1.0.7 OK for: nodemon@2.0.20 want: ^1.0.7
61 silly placeDep node_modules/nodemon supports-color@5.5.0 OK for: nodemon@2.0.20 want: ^5.5.0
62 silly placeDep ROOT touch@3.1.0 OK for: nodemon@2.0.20 want: ^3.1.0
63 silly placeDep ROOT undefsafe@2.0.5 OK for: nodemon@2.0.20 want: ^2.0.5
64 silly fetch manifest anymatch@~3.1.2
65 silly fetch manifest braces@~3.0.2
66 silly fetch manifest glob-parent@~5.1.2
67 silly fetch manifest is-binary-path@~2.1.0
68 silly fetch manifest is-glob@~4.0.1
69 silly fetch manifest normalize-path@~3.0.0
70 silly fetch manifest readdirp@~3.6.0
71 silly fetch manifest fsevents@~2.3.2
72 silly fetch manifest ms@^2.1.1
73 silly fetch manifest semver@~7.0.0
74 silly fetch manifest has-flag@^3.0.0
75 silly fetch manifest nopt@~1.0.10
76 http fetch GET 200 https://registry.npmjs.org/braces 123ms (cache miss)
77 http fetch GET 200 https://registry.npmjs.org/glob-parent 124ms (cache miss)
78 http fetch GET 200 https://registry.npmjs.org/is-glob 123ms (cache miss)
79 http fetch GET 200 https://registry.npmjs.org/ms 116ms (cache miss)
80 http fetch GET 200 https://registry.npmjs.org/is-binary-path 128ms (cache miss)
81 http fetch GET 200 https://registry.npmjs.org/readdirp 124ms (cache miss)
82 http fetch GET 200 https://registry.npmjs.org/normalize-path 127ms (cache miss)
83 http fetch GET 200 https://registry.npmjs.org/fsevents 124ms (cache miss)
84 http fetch GET 200 https://registry.npmjs.org/anymatch 137ms (cache miss)
85 http fetch GET 200 https://registry.npmjs.org/nopt 120ms (cache miss)
86 http fetch GET 200 https://registry.npmjs.org/has-flag 128ms (cache miss)
87 timing idealTree:node_modules/nodemon Completed in 187ms
88 silly placeDep ROOT anymatch@3.1.2 OK for: chokidar@3.5.3 want: ~3.1.2
89 silly placeDep ROOT braces@3.0.2 OK for: chokidar@3.5.3 want: ~3.0.2
90 silly placeDep ROOT fsevents@2.3.2 OK for: chokidar@3.5.3 want: ~2.3.2
91 silly placeDep ROOT glob-parent@5.1.2 OK for: chokidar@3.5.3 want: ~5.1.2
92 silly placeDep ROOT is-binary-path@2.1.0 OK for: chokidar@3.5.3 want: ~2.1.0
93 silly placeDep ROOT is-glob@4.0.3 OK for: chokidar@3.5.3 want: ~4.0.1
94 silly placeDep ROOT normalize-path@3.0.0 OK for: chokidar@3.5.3 want: ~3.0.0
95 silly placeDep ROOT readdirp@3.6.0 OK for: chokidar@3.5.3 want: ~3.6.0
96 silly fetch manifest picomatch@^2.0.4
97 silly fetch manifest fill-range@^7.0.1
98 silly fetch manifest binary-extensions@^2.0.0
99 silly fetch manifest is-extglob@^2.1.1
100 silly fetch manifest picomatch@^2.2.1
101 http fetch GET 200 https://registry.npmjs.org/binary-extensions 52ms (cache miss)
102 http fetch GET 200 https://registry.npmjs.org/is-extglob 52ms (cache miss)
103 http fetch GET 200 https://registry.npmjs.org/picomatch 57ms (cache miss)
104 http fetch GET 200 https://registry.npmjs.org/fill-range 69ms (cache miss)
105 timing idealTree:node_modules/chokidar Completed in 93ms
106 silly placeDep ROOT picomatch@2.3.1 OK for: anymatch@3.1.2 want: ^2.0.4
107 timing idealTree:node_modules/anymatch Completed in 2ms
108 silly placeDep ROOT fill-range@7.0.1 OK for: braces@3.0.2 want: ^7.0.1
109 silly fetch manifest to-regex-range@^5.0.1
110 http fetch GET 200 https://registry.npmjs.org/to-regex-range 36ms (cache miss)
111 timing idealTree:node_modules/braces Completed in 42ms
112 silly placeDep ROOT to-regex-range@5.0.1 OK for: fill-range@7.0.1 want: ^5.0.1
113 silly fetch manifest is-number@^7.0.0
114 http fetch GET 200 https://registry.npmjs.org/is-number 45ms (cache miss)
115 timing idealTree:node_modules/fill-range Completed in 54ms
116 timing idealTree:node_modules/fsevents Completed in 0ms
117 timing idealTree:node_modules/glob-parent Completed in 0ms
118 timing idealTree:node_modules/ignore-by-default Completed in 0ms
119 silly placeDep ROOT binary-extensions@2.2.0 OK for: is-binary-path@2.1.0 want: ^2.0.0
120 timing idealTree:node_modules/is-binary-path Completed in 2ms
121 timing idealTree:node_modules/binary-extensions Completed in 0ms
122 silly placeDep ROOT is-extglob@2.1.1 OK for: is-glob@4.0.3 want: ^2.1.1
123 timing idealTree:node_modules/is-glob Completed in 2ms
124 timing idealTree:node_modules/is-extglob Completed in 0ms
125 timing idealTree:node_modules/normalize-path Completed in 0ms
126 timing idealTree:node_modules/picomatch Completed in 0ms
127 timing idealTree:node_modules/pstree.remy Completed in 0ms
128 timing idealTree:node_modules/readdirp Completed in 0ms
129 timing idealTree:node_modules/semver Completed in 0ms
130 silly placeDep node_modules/simple-update-notifier semver@7.0.0 OK for: simple-update-notifier@1.0.7 want: ~7.0.0
131 timing idealTree:node_modules/simple-update-notifier Completed in 3ms
132 silly placeDep ROOT is-number@7.0.0 OK for: to-regex-range@5.0.1 want: ^7.0.0
133 timing idealTree:node_modules/to-regex-range Completed in 2ms
134 timing idealTree:node_modules/is-number Completed in 0ms
135 silly placeDep ROOT nopt@1.0.10 OK for: touch@3.1.0 want: ~1.0.10
136 silly fetch manifest abbrev@1
137 http fetch GET 200 https://registry.npmjs.org/abbrev 206ms (cache miss)
138 timing idealTree:node_modules/touch Completed in 211ms
139 silly placeDep ROOT abbrev@1.1.1 OK for: nopt@1.0.10 want: 1
140 timing idealTree:node_modules/nopt Completed in 3ms
141 timing idealTree:node_modules/abbrev Completed in 0ms
142 timing idealTree:node_modules/undefsafe Completed in 0ms
143 silly placeDep node_modules/nodemon ms@2.1.3 OK for: debug@3.2.7 want: ^2.1.1
144 timing idealTree:node_modules/nodemon/node_modules/debug Completed in 3ms
145 timing idealTree:node_modules/nodemon/node_modules/ms Completed in 0ms
146 silly placeDep node_modules/nodemon has-flag@3.0.0 OK for: supports-color@5.5.0 want: ^3.0.0
147 timing idealTree:node_modules/nodemon/node_modules/supports-color Completed in 2ms
148 timing idealTree:node_modules/nodemon/node_modules/has-flag Completed in 0ms
149 timing idealTree:node_modules/simple-update-notifier/node_modules/semver Completed in 0ms
150 timing idealTree:buildDeps Completed in 1187ms
151 timing idealTree:fixDepFlags Completed in 4ms
152 timing idealTree Completed in 1405ms
153 timing reify:loadTrees Completed in 1405ms
154 timing reify:diffTrees Completed in 7ms
155 silly reify moves {}
156 timing reify:retireShallow Completed in 1ms
157 timing reify:createSparse Completed in 20ms
158 timing reify:loadBundles Completed in 0ms
159 silly audit bulk request {
159 silly audit   '@types/node': [ '18.7.18' ],
159 silly audit   '@types/notp': [ '2.0.2' ],
159 silly audit   '@types/webidl-conversions': [ '7.0.0' ],
159 silly audit   '@types/whatwg-url': [ '8.2.2' ],
159 silly audit   accepts: [ '1.3.8' ],
159 silly audit   'ansi-styles': [ '4.3.0' ],
159 silly audit   'array-flatten': [ '1.1.1' ],
159 silly audit   async: [ '3.2.3' ],
159 silly audit   'balanced-match': [ '1.0.2' ],
159 silly audit   'base64-js': [ '1.5.1' ],
159 silly audit   'bignumber.js': [ '9.0.0' ],
159 silly audit   'body-parser': [ '1.20.0' ],
159 silly audit   'brace-expansion': [ '1.1.11', '2.0.1' ],
159 silly audit   bson: [ '4.7.0' ],
159 silly audit   buffer: [ '5.7.1' ],
159 silly audit   bytes: [ '3.1.2' ],
159 silly audit   'call-bind': [ '1.0.2' ],
159 silly audit   chalk: [ '4.1.2' ],
159 silly audit   'color-convert': [ '2.0.1' ],
159 silly audit   'color-name': [ '1.1.4' ],
159 silly audit   'concat-map': [ '0.0.1' ],
159 silly audit   'content-disposition': [ '0.5.4' ],
159 silly audit   'content-type': [ '1.0.4' ],
159 silly audit   cookie: [ '0.5.0', '0.4.1', '0.4.2' ],
159 silly audit   'cookie-parser': [ '1.4.6' ],
159 silly audit   'cookie-signature': [ '1.0.6' ],
159 silly audit   'core-util-is': [ '1.0.3' ],
159 silly audit   debug: [ '2.6.9', '4.3.4', '3.2.7' ],
159 silly audit   denque: [ '2.1.0' ],
159 silly audit   depd: [ '2.0.0' ],
159 silly audit   destroy: [ '1.2.0' ],
159 silly audit   'ee-first': [ '1.1.1' ],
159 silly audit   ejs: [ '3.1.7' ],
159 silly audit   encodeurl: [ '1.0.2' ],
159 silly audit   'escape-html': [ '1.0.3' ],
159 silly audit   etag: [ '1.8.1' ],
159 silly audit   express: [ '4.18.1' ],
159 silly audit   'express-session': [ '1.17.3' ],
159 silly audit   filelist: [ '1.0.3' ],
159 silly audit   minimatch: [ '5.0.1', '3.1.2' ],
159 silly audit   finalhandler: [ '1.2.0' ],
159 silly audit   forwarded: [ '0.2.0' ],
159 silly audit   fresh: [ '0.5.2' ],
159 silly audit   'function-bind': [ '1.1.1' ],
159 silly audit   'get-intrinsic': [ '1.1.1' ],
159 silly audit   has: [ '1.0.3' ],
159 silly audit   'has-flag': [ '4.0.0', '3.0.0' ],
159 silly audit   'has-symbols': [ '1.0.3' ],
159 silly audit   'http-errors': [ '2.0.0' ],
159 silly audit   'iconv-lite': [ '0.4.24' ],
159 silly audit   ieee754: [ '1.2.1' ],
159 silly audit   inherits: [ '2.0.4' ],
159 silly audit   iniparser: [ '1.0.5' ],
159 silly audit   ip: [ '2.0.0' ],
159 silly audit   'ipaddr.js': [ '1.9.1' ],
159 silly audit   isarray: [ '1.0.0' ],
159 silly audit   jake: [ '10.8.5' ],
159 silly audit   kareem: [ '2.4.1' ],
159 silly audit   'media-typer': [ '0.3.0' ],
159 silly audit   'memory-pager': [ '1.5.0' ],
159 silly audit   'merge-descriptors': [ '1.0.1' ],
159 silly audit   methods: [ '1.1.2' ],
159 silly audit   mime: [ '1.6.0' ],
159 silly audit   'mime-db': [ '1.52.0' ],
159 silly audit   'mime-types': [ '2.1.35' ],
159 silly audit   mongodb: [ '4.10.0', '4.9.1' ],
159 silly audit   'mongodb-connection-string-url': [ '2.5.3' ],
159 silly audit   mongoose: [ '6.6.1' ],
159 silly audit   ms: [ '2.1.3', '2.1.2', '2.0.0' ],
159 silly audit   mpath: [ '0.9.0' ],
159 silly audit   mquery: [ '4.0.3' ],
159 silly audit   mysql: [ '2.18.1' ],
159 silly audit   'safe-buffer': [ '5.1.2', '5.2.1' ],
159 silly audit   negotiator: [ '0.6.3' ],
159 silly audit   'node-2fa': [ '2.0.3' ],
159 silly audit   nodemailer: [ '6.7.8' ],
159 silly audit   notp: [ '2.0.3' ],
159 silly audit   'object-inspect': [ '1.12.0' ],
159 silly audit   'on-finished': [ '2.4.1' ],
159 silly audit   'on-headers': [ '1.0.2' ],
159 silly audit   parseurl: [ '1.3.3' ],
159 silly audit   'path-to-regexp': [ '0.1.7' ],
159 silly audit   'process-nextick-args': [ '2.0.1' ],
159 silly audit   'proxy-addr': [ '2.0.7' ],
159 silly audit   punycode: [ '2.1.1' ],
159 silly audit   qs: [ '6.10.3' ],
159 silly audit   'random-bytes': [ '1.0.0' ],
159 silly audit   'range-parser': [ '1.2.1' ],
159 silly audit   'raw-body': [ '2.5.1' ],
159 silly audit   'readable-stream': [ '2.3.7' ],
159 silly audit   'safer-buffer': [ '2.1.2' ],
159 silly audit   saslprep: [ '1.0.3' ],
159 silly audit   send: [ '0.18.0' ],
159 silly audit   'serve-static': [ '1.15.0' ],
159 silly audit   setprototypeof: [ '1.2.0' ],
159 silly audit   'side-channel': [ '1.0.4' ],
159 silly audit   sift: [ '16.0.0' ],
159 silly audit   'smart-buffer': [ '4.2.0' ],
159 silly audit   socks: [ '2.7.0' ],
159 silly audit   'sparse-bitfield': [ '3.0.3' ],
159 silly audit   sqlstring: [ '2.3.1' ],
159 silly audit   statuses: [ '2.0.1' ],
159 silly audit   string_decoder: [ '1.1.1' ],
159 silly audit   'supports-color': [ '7.2.0', '5.5.0' ],
159 silly audit   'thirty-two': [ '1.0.2' ],
159 silly audit   toidentifier: [ '1.0.1' ],
159 silly audit   tr46: [ '3.0.0' ],
159 silly audit   tslib: [ '2.4.0' ],
159 silly audit   'type-is': [ '1.6.18' ],
159 silly audit   'uid-safe': [ '2.1.5' ],
159 silly audit   unpipe: [ '1.0.0' ],
159 silly audit   'util-deprecate': [ '1.0.2' ],
159 silly audit   'utils-merge': [ '1.0.1' ],
159 silly audit   vary: [ '1.1.2' ],
159 silly audit   'webidl-conversions': [ '7.0.0' ],
159 silly audit   'whatwg-url': [ '11.0.0' ],
159 silly audit   nodemon: [ '2.0.20' ],
159 silly audit   chokidar: [ '3.5.3' ],
159 silly audit   'ignore-by-default': [ '1.0.1' ],
159 silly audit   'pstree.remy': [ '1.1.8' ],
159 silly audit   semver: [ '5.7.1', '7.0.0' ],
159 silly audit   'simple-update-notifier': [ '1.0.7' ],
159 silly audit   touch: [ '3.1.0' ],
159 silly audit   undefsafe: [ '2.0.5' ],
159 silly audit   anymatch: [ '3.1.2' ],
159 silly audit   braces: [ '3.0.2' ],
159 silly audit   fsevents: [ '2.3.2' ],
159 silly audit   'glob-parent': [ '5.1.2' ],
159 silly audit   'is-binary-path': [ '2.1.0' ],
159 silly audit   'is-glob': [ '4.0.3' ],
159 silly audit   'normalize-path': [ '3.0.0' ],
159 silly audit   readdirp: [ '3.6.0' ],
159 silly audit   picomatch: [ '2.3.1' ],
159 silly audit   'fill-range': [ '7.0.1' ],
159 silly audit   'to-regex-range': [ '5.0.1' ],
159 silly audit   'binary-extensions': [ '2.2.0' ],
159 silly audit   'is-extglob': [ '2.1.1' ],
159 silly audit   'is-number': [ '7.0.0' ],
159 silly audit   nopt: [ '1.0.10' ],
159 silly audit   abbrev: [ '1.1.1' ]
159 silly audit }
160 verbose reify failed optional dependency /home/ubuntu/node_modules/fsevents
161 silly reify mark deleted [ '/home/ubuntu/node_modules/fsevents' ]
162 timing reifyNode:node_modules/fsevents Completed in 26ms
163 silly tarball no local data for abbrev@https://registry.npmjs.org/abbrev/-/abbrev-1.1.1.tgz. Extracting by manifest.
164 silly tarball no local data for nopt@https://registry.npmjs.org/nopt/-/nopt-1.0.10.tgz. Extracting by manifest.
165 silly tarball no local data for is-number@https://registry.npmjs.org/is-number/-/is-number-7.0.0.tgz. Extracting by manifest.
166 silly tarball no local data for is-extglob@https://registry.npmjs.org/is-extglob/-/is-extglob-2.1.1.tgz. Extracting by manifest.
167 silly tarball no local data for binary-extensions@https://registry.npmjs.org/binary-extensions/-/binary-extensions-2.2.0.tgz. Extracting by manifest.
168 silly tarball no local data for to-regex-range@https://registry.npmjs.org/to-regex-range/-/to-regex-range-5.0.1.tgz. Extracting by manifest.
169 silly tarball no local data for fill-range@https://registry.npmjs.org/fill-range/-/fill-range-7.0.1.tgz. Extracting by manifest.
170 silly tarball no local data for picomatch@https://registry.npmjs.org/picomatch/-/picomatch-2.3.1.tgz. Extracting by manifest.
171 silly tarball no local data for readdirp@https://registry.npmjs.org/readdirp/-/readdirp-3.6.0.tgz. Extracting by manifest.
172 silly tarball no local data for normalize-path@https://registry.npmjs.org/normalize-path/-/normalize-path-3.0.0.tgz. Extracting by manifest.
173 silly tarball no local data for is-glob@https://registry.npmjs.org/is-glob/-/is-glob-4.0.3.tgz. Extracting by manifest.
174 silly tarball no local data for is-binary-path@https://registry.npmjs.org/is-binary-path/-/is-binary-path-2.1.0.tgz. Extracting by manifest.
175 silly tarball no local data for glob-parent@https://registry.npmjs.org/glob-parent/-/glob-parent-5.1.2.tgz. Extracting by manifest.
176 silly tarball no local data for braces@https://registry.npmjs.org/braces/-/braces-3.0.2.tgz. Extracting by manifest.
177 silly tarball no local data for anymatch@https://registry.npmjs.org/anymatch/-/anymatch-3.1.2.tgz. Extracting by manifest.
178 silly tarball no local data for undefsafe@https://registry.npmjs.org/undefsafe/-/undefsafe-2.0.5.tgz. Extracting by manifest.
179 silly tarball no local data for touch@https://registry.npmjs.org/touch/-/touch-3.1.0.tgz. Extracting by manifest.
180 silly tarball no local data for simple-update-notifier@https://registry.npmjs.org/simple-update-notifier/-/simple-update-notifier-1.0.7.tgz. Extracting by manifest.
181 silly tarball no local data for semver@https://registry.npmjs.org/semver/-/semver-5.7.1.tgz. Extracting by manifest.
182 silly tarball no local data for pstree.remy@https://registry.npmjs.org/pstree.remy/-/pstree.remy-1.1.8.tgz. Extracting by manifest.
183 silly tarball no local data for ignore-by-default@https://registry.npmjs.org/ignore-by-default/-/ignore-by-default-1.0.1.tgz. Extracting by manifest.
184 silly tarball no local data for chokidar@https://registry.npmjs.org/chokidar/-/chokidar-3.5.3.tgz. Extracting by manifest.
185 silly tarball no local data for nodemon@https://registry.npmjs.org/nodemon/-/nodemon-2.0.20.tgz. Extracting by manifest.
186 silly tarball no local data for semver@https://registry.npmjs.org/semver/-/semver-7.0.0.tgz. Extracting by manifest.
187 silly tarball no local data for has-flag@https://registry.npmjs.org/has-flag/-/has-flag-3.0.0.tgz. Extracting by manifest.
188 silly tarball no local data for ms@https://registry.npmjs.org/ms/-/ms-2.1.3.tgz. Extracting by manifest.
189 silly tarball no local data for supports-color@https://registry.npmjs.org/supports-color/-/supports-color-5.5.0.tgz. Extracting by manifest.
190 silly tarball no local data for debug@https://registry.npmjs.org/debug/-/debug-3.2.7.tgz. Extracting by manifest.
191 http fetch POST 200 https://registry.npmjs.org/-/npm/v1/security/advisories/bulk 430ms
192 timing auditReport:getReport Completed in 435ms
193 silly audit report {}
194 timing auditReport:init Completed in 0ms
195 timing reify:audit Completed in 436ms
196 http fetch GET 200 https://registry.npmjs.org/normalize-path/-/normalize-path-3.0.0.tgz 441ms (cache miss)
197 timing reifyNode:node_modules/normalize-path Completed in 562ms
198 http fetch GET 200 https://registry.npmjs.org/is-extglob/-/is-extglob-2.1.1.tgz 501ms (cache miss)
199 timing reifyNode:node_modules/is-extglob Completed in 579ms
200 http fetch GET 200 https://registry.npmjs.org/to-regex-range/-/to-regex-range-5.0.1.tgz 494ms (cache miss)
201 timing reifyNode:node_modules/to-regex-range Completed in 583ms
202 http fetch GET 200 https://registry.npmjs.org/pstree.remy/-/pstree.remy-1.1.8.tgz 380ms (cache miss)
203 timing reifyNode:node_modules/pstree.remy Completed in 610ms
204 http fetch GET 200 https://registry.npmjs.org/ignore-by-default/-/ignore-by-default-1.0.1.tgz 390ms (cache miss)
205 timing reifyNode:node_modules/ignore-by-default Completed in 625ms
206 http fetch GET 200 https://registry.npmjs.org/anymatch/-/anymatch-3.1.2.tgz 468ms (cache miss)
207 timing reifyNode:node_modules/anymatch Completed in 635ms
208 http fetch GET 200 https://registry.npmjs.org/abbrev/-/abbrev-1.1.1.tgz 589ms (cache miss)
209 timing reifyNode:node_modules/abbrev Completed in 646ms
210 http fetch GET 200 https://registry.npmjs.org/is-number/-/is-number-7.0.0.tgz 586ms (cache miss)
211 timing reifyNode:node_modules/is-number Completed in 656ms
212 http fetch GET 200 https://registry.npmjs.org/fill-range/-/fill-range-7.0.1.tgz 565ms (cache miss)
213 timing reifyNode:node_modules/fill-range Completed in 661ms
214 http fetch GET 200 https://registry.npmjs.org/has-flag/-/has-flag-3.0.0.tgz 399ms (cache miss)
215 timing reifyNode:node_modules/nodemon/node_modules/has-flag Completed in 663ms
216 http fetch GET 200 https://registry.npmjs.org/readdirp/-/readdirp-3.6.0.tgz 557ms (cache miss)
217 timing reifyNode:node_modules/readdirp Completed in 672ms
218 http fetch GET 200 https://registry.npmjs.org/binary-extensions/-/binary-extensions-2.2.0.tgz 600ms (cache miss)
219 timing reifyNode:node_modules/binary-extensions Completed in 684ms
220 http fetch GET 200 https://registry.npmjs.org/undefsafe/-/undefsafe-2.0.5.tgz 528ms (cache miss)
221 timing reifyNode:node_modules/undefsafe Completed in 700ms
222 http fetch GET 200 https://registry.npmjs.org/ms/-/ms-2.1.3.tgz 465ms (cache miss)
223 timing reifyNode:node_modules/nodemon/node_modules/ms Completed in 734ms
224 http fetch GET 200 https://registry.npmjs.org/supports-color/-/supports-color-5.5.0.tgz 466ms (cache miss)
225 timing reifyNode:node_modules/nodemon/node_modules/supports-color Completed in 741ms
226 http fetch GET 200 https://registry.npmjs.org/is-binary-path/-/is-binary-path-2.1.0.tgz 601ms (cache miss)
227 timing reifyNode:node_modules/is-binary-path Completed in 748ms
228 http fetch GET 200 https://registry.npmjs.org/touch/-/touch-3.1.0.tgz 550ms (cache miss)
229 timing reifyNode:node_modules/touch Completed in 753ms
230 http fetch GET 200 https://registry.npmjs.org/is-glob/-/is-glob-4.0.3.tgz 619ms (cache miss)
231 timing reifyNode:node_modules/is-glob Completed in 759ms
232 http fetch GET 200 https://registry.npmjs.org/semver/-/semver-5.7.1.tgz 542ms (cache miss)
233 timing reifyNode:node_modules/semver Completed in 765ms
234 http fetch GET 200 https://registry.npmjs.org/glob-parent/-/glob-parent-5.1.2.tgz 617ms (cache miss)
235 timing reifyNode:node_modules/glob-parent Completed in 772ms
236 http fetch GET 200 https://registry.npmjs.org/nopt/-/nopt-1.0.10.tgz 713ms (cache miss)
237 timing reifyNode:node_modules/nopt Completed in 779ms
238 http fetch GET 200 https://registry.npmjs.org/picomatch/-/picomatch-2.3.1.tgz 684ms (cache miss)
239 timing reifyNode:node_modules/picomatch Completed in 793ms
240 http fetch GET 200 https://registry.npmjs.org/simple-update-notifier/-/simple-update-notifier-1.0.7.tgz 600ms (cache miss)
241 timing reifyNode:node_modules/simple-update-notifier Completed in 811ms
242 http fetch GET 200 https://registry.npmjs.org/chokidar/-/chokidar-3.5.3.tgz 574ms (cache miss)
243 timing reifyNode:node_modules/chokidar Completed in 816ms
244 http fetch GET 200 https://registry.npmjs.org/debug/-/debug-3.2.7.tgz 538ms (cache miss)
245 timing reifyNode:node_modules/nodemon/node_modules/debug Completed in 827ms
246 http fetch GET 200 https://registry.npmjs.org/braces/-/braces-3.0.2.tgz 675ms (cache miss)
247 timing reifyNode:node_modules/braces Completed in 836ms
248 http fetch GET 200 https://registry.npmjs.org/semver/-/semver-7.0.0.tgz 608ms (cache miss)
249 timing reifyNode:node_modules/simple-update-notifier/node_modules/semver Completed in 863ms
250 http fetch GET 200 https://registry.npmjs.org/nodemon/-/nodemon-2.0.20.tgz 622ms (cache miss)
251 timing reifyNode:node_modules/nodemon Completed in 870ms
252 timing reify:unpack Completed in 874ms
253 timing reify:unretire Completed in 1ms
254 timing build:queue Completed in 4ms
255 timing build:link:node_modules/nodemon Completed in 9ms
256 timing build:link:node_modules/nopt Completed in 8ms
257 timing build:link:node_modules/semver Completed in 8ms
258 timing build:link:node_modules/touch Completed in 8ms
259 timing build:link:node_modules/simple-update-notifier/node_modules/semver Completed in 8ms
260 timing build:link Completed in 10ms
261 timing build:deps Completed in 14ms
262 timing build Completed in 15ms
263 timing reify:build Completed in 16ms
264 timing reify:trash Completed in 5ms
265 timing reify:save Completed in 106ms
266 timing reify Completed in 2518ms
267 silly ADD node_modules/abbrev
268 silly ADD node_modules/nopt
269 silly ADD node_modules/is-number
270 silly ADD node_modules/is-extglob
271 silly ADD node_modules/binary-extensions
272 silly ADD node_modules/to-regex-range
273 silly ADD node_modules/fill-range
274 silly ADD node_modules/picomatch
275 silly ADD node_modules/readdirp
276 silly ADD node_modules/normalize-path
277 silly ADD node_modules/is-glob
278 silly ADD node_modules/is-binary-path
279 silly ADD node_modules/glob-parent
280 silly ADD
281 silly ADD node_modules/braces
282 silly ADD node_modules/anymatch
283 silly ADD node_modules/undefsafe
284 silly ADD node_modules/touch
285 silly ADD node_modules/simple-update-notifier
286 silly ADD node_modules/simple-update-notifier/node_modules/semver
287 silly ADD node_modules/semver
288 silly ADD node_modules/pstree.remy
289 silly ADD node_modules/ignore-by-default
290 silly ADD node_modules/chokidar
291 silly ADD node_modules/nodemon
292 silly ADD node_modules/nodemon/node_modules/has-flag
293 silly ADD node_modules/nodemon/node_modules/ms
294 silly ADD node_modules/nodemon/node_modules/supports-color
295 silly ADD node_modules/nodemon/node_modules/debug
296 timing command:install Completed in 2536ms
297 verbose exit 0
298 timing npm Completed in 2888ms
299 info ok
