0 verbose cli [
0 verbose cli   '/usr/bin/node',
0 verbose cli   '/usr/bin/npm',
0 verbose cli   'install',
0 verbose cli   '--ignore-scripts',
0 verbose cli   '@types/cookie-parser@ts4.8',
0 verbose cli   '@types/ejs@ts4.8',
0 verbose cli   '@types/express@ts4.8',
0 verbose cli   '@types/express-session@ts4.8',
0 verbose cli   '@types/iniparser@ts4.8',
0 verbose cli   '@types/mysql@ts4.8',
0 verbose cli   '@types/nodemailer@ts4.8',
0 verbose cli   '@types/nodemon@ts4.8',
0 verbose cli   '@types/body-parser@ts4.8',
0 verbose cli   '@types/bytes@ts4.8',
0 verbose cli   '@types/on-headers@ts4.8',
0 verbose cli   '@types/parseurl@ts4.8',
0 verbose cli   '@types/qs@ts4.8',
0 verbose cli   '@types/random-bytes@ts4.8',
0 verbose cli   '@types/type-is@ts4.8',
0 verbose cli   '@types/uid-safe@ts4.8',
0 verbose cli   '@types/content-type@ts4.8',
0 verbose cli   '@types/cookie@ts4.8',
0 verbose cli   '@types/cookie-signature@ts4.8',
0 verbose cli   '@types/debug@ts4.8',
0 verbose cli   '@types/depd@ts4.8',
0 verbose cli   '@types/http-errors@ts4.8',
0 verbose cli   '--save-dev',
0 verbose cli   '--user-agent=typesInstaller/4.8.2'
0 verbose cli ]
1 info using npm@8.5.1
2 info using node@v12.22.9
3 timing npm:load:whichnode Completed in 1ms
4 timing config:load:defaults Completed in 2ms
5 timing config:load:file:/usr/share/nodejs/npm/npmrc Completed in 3ms
6 timing config:load:builtin Completed in 4ms
7 timing config:load:cli Completed in 3ms
8 timing config:load:env Completed in 0ms
9 timing config:load:file:/home/ubuntu/.cache/typescript/4.8/.npmrc Completed in 1ms
10 timing config:load:project Completed in 5ms
11 timing config:load:file:/home/ubuntu/.npmrc Completed in 0ms
12 timing config:load:user Completed in 0ms
13 timing config:load:file:/etc/npmrc Completed in 0ms
14 timing config:load:global Completed in 0ms
15 timing config:load:validate Completed in 0ms
16 timing config:load:credentials Completed in 1ms
17 timing config:load:setEnvs Completed in 1ms
18 timing config:load Completed in 17ms
19 timing npm:load:configload Completed in 17ms
20 timing npm:load:setTitle Completed in 2ms
21 timing config:load:flatten Completed in 5ms
22 timing npm:load:display Completed in 6ms
23 verbose logfile /home/ubuntu/.npm/_logs/2022-10-04T08_06_18_503Z-debug-0.log
24 timing npm:load:logFile Completed in 9ms
25 timing npm:load:timers Completed in 0ms
26 timing npm:load:configScope Completed in 0ms
27 timing npm:load Completed in 36ms
28 timing arborist:ctor Completed in 1ms
29 silly logfile start cleaning logs, removing 1 files
30 timing idealTree:init Completed in 37ms
31 timing arborist:ctor Completed in 0ms
32 http fetch GET 200 https://registry.npmjs.org/@types%2fqs 238ms (cache miss)
33 http fetch GET 200 https://registry.npmjs.org/@types%2fcookie-parser 254ms (cache miss)
34 http fetch GET 200 https://registry.npmjs.org/@types%2fnodemailer 255ms (cache miss)
35 http fetch GET 200 https://registry.npmjs.org/@types%2fexpress 262ms (cache miss)
36 http fetch GET 200 https://registry.npmjs.org/@types%2fbody-parser 261ms (cache miss)
37 http fetch GET 200 https://registry.npmjs.org/@types%2fnodemon 268ms (cache miss)
38 http fetch GET 200 https://registry.npmjs.org/@types%2fdebug 265ms (cache miss)
39 http fetch GET 200 https://registry.npmjs.org/@types%2fcookie 279ms (cache miss)
40 http fetch GET 200 https://registry.npmjs.org/@types%2fhttp-errors 316ms (cache miss)
41 http fetch GET 200 https://registry.npmjs.org/@types%2fparseurl 532ms (cache miss)
42 http fetch GET 200 https://registry.npmjs.org/@types%2fejs 557ms (cache miss)
43 http fetch GET 200 https://registry.npmjs.org/@types%2fon-headers 601ms (cache miss)
44 http fetch GET 200 https://registry.npmjs.org/@types%2fbytes 603ms (cache miss)
45 http fetch GET 200 https://registry.npmjs.org/@types%2fcontent-type 600ms (cache miss)
46 http fetch GET 200 https://registry.npmjs.org/@types%2fdepd 662ms (cache miss)
47 http fetch GET 200 https://registry.npmjs.org/@types%2finiparser 747ms (cache miss)
48 http fetch GET 200 https://registry.npmjs.org/@types%2fexpress-session 752ms (cache miss)
49 http fetch GET 200 https://registry.npmjs.org/@types%2ftype-is 1015ms (cache miss)
50 http fetch GET 200 https://registry.npmjs.org/@types%2fuid-safe 1054ms (cache miss)
51 http fetch GET 200 https://registry.npmjs.org/@types%2frandom-bytes 1060ms (cache miss)
52 http fetch GET 200 https://registry.npmjs.org/@types%2fmysql 1077ms (cache miss)
53 http fetch GET 200 https://registry.npmjs.org/@types%2fcookie-signature 1093ms (cache miss)
54 timing idealTree:userRequests Completed in 1118ms
55 silly idealTree buildDeps
56 silly fetch manifest @types/cookie-parser@1.4.3
57 silly fetch manifest @types/ejs@3.1.1
58 silly fetch manifest @types/express@4.17.14
59 silly fetch manifest @types/express-session@1.17.5
60 silly fetch manifest @types/iniparser@0.0.29
61 silly fetch manifest @types/mysql@2.15.21
62 silly fetch manifest @types/nodemailer@6.4.6
63 silly fetch manifest @types/nodemon@1.19.2
64 silly fetch manifest @types/body-parser@1.19.2
65 silly fetch manifest @types/bytes@3.1.1
66 silly fetch manifest @types/on-headers@1.0.0
67 silly fetch manifest @types/parseurl@1.3.1
68 silly fetch manifest @types/qs@6.9.7
69 silly fetch manifest @types/random-bytes@1.0.1
70 silly fetch manifest @types/type-is@1.6.3
71 silly fetch manifest @types/uid-safe@2.1.2
72 silly fetch manifest @types/content-type@1.1.5
73 silly fetch manifest @types/cookie@0.5.1
74 silly fetch manifest @types/cookie-signature@1.0.4
75 silly fetch manifest @types/debug@4.1.7
76 silly fetch manifest @types/depd@1.1.32
77 silly fetch manifest @types/http-errors@1.8.2
78 silly placeDep ROOT @types/body-parser@1.19.2 OK for:  want: 1.19.2
79 silly placeDep ROOT @types/bytes@3.1.1 OK for:  want: 3.1.1
80 silly placeDep ROOT @types/content-type@1.1.5 OK for:  want: 1.1.5
81 silly placeDep ROOT @types/cookie@0.5.1 OK for:  want: 0.5.1
82 silly placeDep ROOT @types/cookie-parser@1.4.3 OK for:  want: 1.4.3
83 silly placeDep ROOT @types/cookie-signature@1.0.4 OK for:  want: 1.0.4
84 silly placeDep ROOT @types/debug@4.1.7 OK for:  want: 4.1.7
85 silly placeDep ROOT @types/depd@1.1.32 OK for:  want: 1.1.32
86 silly placeDep ROOT @types/ejs@3.1.1 OK for:  want: 3.1.1
87 silly placeDep ROOT @types/express@4.17.14 OK for:  want: 4.17.14
88 silly placeDep ROOT @types/express-session@1.17.5 OK for:  want: 1.17.5
89 silly placeDep ROOT @types/http-errors@1.8.2 OK for:  want: 1.8.2
90 silly placeDep ROOT @types/iniparser@0.0.29 OK for:  want: 0.0.29
91 silly placeDep ROOT @types/mysql@2.15.21 OK for:  want: 2.15.21
92 silly placeDep ROOT @types/nodemailer@6.4.6 OK for:  want: 6.4.6
93 silly placeDep ROOT @types/nodemon@1.19.2 OK for:  want: 1.19.2
94 silly placeDep ROOT @types/on-headers@1.0.0 OK for:  want: 1.0.0
95 silly placeDep ROOT @types/parseurl@1.3.1 OK for:  want: 1.3.1
96 silly placeDep ROOT @types/qs@6.9.7 OK for:  want: 6.9.7
97 silly placeDep ROOT @types/random-bytes@1.0.1 OK for:  want: 1.0.1
98 silly placeDep ROOT @types/type-is@1.6.3 OK for:  want: 1.6.3
99 silly placeDep ROOT @types/uid-safe@2.1.2 OK for:  want: 2.1.2
100 silly fetch manifest @types/connect@*
101 silly fetch manifest @types/node@*
102 silly fetch manifest @types/ms@*
103 silly fetch manifest @types/express-serve-static-core@^4.17.18
104 silly fetch manifest @types/serve-static@*
105 http fetch GET 200 https://registry.npmjs.org/@types%2fconnect 84ms (cache miss)
106 http fetch GET 200 https://registry.npmjs.org/@types%2fserve-static 84ms (cache miss)
107 http fetch GET 200 https://registry.npmjs.org/@types%2fms 113ms (cache miss)
108 http fetch GET 200 https://registry.npmjs.org/@types%2fnode 122ms (cache miss)
109 http fetch GET 200 https://registry.npmjs.org/@types%2fexpress-serve-static-core 129ms (cache miss)
110 timing idealTree:#root Completed in 197ms
111 silly placeDep ROOT @types/connect@3.4.35 OK for: @types/body-parser@1.19.2 want: *
112 silly placeDep ROOT @types/node@18.8.1 OK for: @types/body-parser@1.19.2 want: *
113 timing idealTree:node_modules/@types/body-parser Completed in 11ms
114 timing idealTree:node_modules/@types/bytes Completed in 0ms
115 timing idealTree:node_modules/@types/connect Completed in 0ms
116 timing idealTree:node_modules/@types/content-type Completed in 0ms
117 timing idealTree:node_modules/@types/cookie Completed in 0ms
118 timing idealTree:node_modules/@types/cookie-parser Completed in 0ms
119 timing idealTree:node_modules/@types/cookie-signature Completed in 0ms
120 silly placeDep ROOT @types/ms@0.7.31 OK for: @types/debug@4.1.7 want: *
121 timing idealTree:node_modules/@types/debug Completed in 2ms
122 timing idealTree:node_modules/@types/depd Completed in 0ms
123 timing idealTree:node_modules/@types/ejs Completed in 0ms
124 silly placeDep ROOT @types/express-serve-static-core@4.17.31 OK for: @types/express@4.17.14 want: ^4.17.18
125 silly placeDep ROOT @types/serve-static@1.15.0 OK for: @types/express@4.17.14 want: *
126 silly fetch manifest @types/range-parser@*
127 silly fetch manifest @types/mime@*
128 http fetch GET 200 https://registry.npmjs.org/@types%2frange-parser 63ms (cache miss)
129 http fetch GET 200 https://registry.npmjs.org/@types%2fmime 92ms (cache miss)
130 timing idealTree:node_modules/@types/express Completed in 101ms
131 silly placeDep ROOT @types/range-parser@1.2.4 OK for: @types/express-serve-static-core@4.17.31 want: *
132 timing idealTree:node_modules/@types/express-serve-static-core Completed in 6ms
133 timing idealTree:node_modules/@types/express-session Completed in 0ms
134 timing idealTree:node_modules/@types/http-errors Completed in 0ms
135 timing idealTree:node_modules/@types/iniparser Completed in 0ms
136 timing idealTree:node_modules/@types/ms Completed in 0ms
137 timing idealTree:node_modules/@types/mysql Completed in 0ms
138 timing idealTree:node_modules/@types/node Completed in 0ms
139 timing idealTree:node_modules/@types/nodemailer Completed in 0ms
140 timing idealTree:node_modules/@types/nodemon Completed in 0ms
141 timing idealTree:node_modules/@types/on-headers Completed in 1ms
142 timing idealTree:node_modules/@types/parseurl Completed in 0ms
143 timing idealTree:node_modules/@types/qs Completed in 0ms
144 timing idealTree:node_modules/@types/random-bytes Completed in 0ms
145 timing idealTree:node_modules/@types/range-parser Completed in 0ms
146 silly placeDep ROOT @types/mime@3.0.1 OK for: @types/serve-static@1.15.0 want: *
147 timing idealTree:node_modules/@types/serve-static Completed in 2ms
148 timing idealTree:node_modules/@types/mime Completed in 0ms
149 timing idealTree:node_modules/@types/type-is Completed in 1ms
150 timing idealTree:node_modules/@types/uid-safe Completed in 0ms
151 timing idealTree:buildDeps Completed in 328ms
152 timing idealTree:fixDepFlags Completed in 1ms
153 timing idealTree Completed in 1486ms
154 timing reify:loadTrees Completed in 1487ms
155 timing reify:diffTrees Completed in 3ms
156 silly reify moves {}
157 timing reify:retireShallow Completed in 1ms
158 timing reify:createSparse Completed in 11ms
159 timing reify:loadBundles Completed in 0ms
160 silly audit bulk request {
160 silly audit   'types-registry': [ '0.1.612' ],
160 silly audit   '@types/body-parser': [ '1.19.2' ],
160 silly audit   '@types/bytes': [ '3.1.1' ],
160 silly audit   '@types/content-type': [ '1.1.5' ],
160 silly audit   '@types/cookie': [ '0.5.1' ],
160 silly audit   '@types/cookie-parser': [ '1.4.3' ],
160 silly audit   '@types/cookie-signature': [ '1.0.4' ],
160 silly audit   '@types/debug': [ '4.1.7' ],
160 silly audit   '@types/depd': [ '1.1.32' ],
160 silly audit   '@types/ejs': [ '3.1.1' ],
160 silly audit   '@types/express': [ '4.17.14' ],
160 silly audit   '@types/express-session': [ '1.17.5' ],
160 silly audit   '@types/http-errors': [ '1.8.2' ],
160 silly audit   '@types/iniparser': [ '0.0.29' ],
160 silly audit   '@types/mysql': [ '2.15.21' ],
160 silly audit   '@types/nodemailer': [ '6.4.6' ],
160 silly audit   '@types/nodemon': [ '1.19.2' ],
160 silly audit   '@types/on-headers': [ '1.0.0' ],
160 silly audit   '@types/parseurl': [ '1.3.1' ],
160 silly audit   '@types/qs': [ '6.9.7' ],
160 silly audit   '@types/random-bytes': [ '1.0.1' ],
160 silly audit   '@types/type-is': [ '1.6.3' ],
160 silly audit   '@types/uid-safe': [ '2.1.2' ],
160 silly audit   '@types/connect': [ '3.4.35' ],
160 silly audit   '@types/node': [ '18.8.1' ],
160 silly audit   '@types/ms': [ '0.7.31' ],
160 silly audit   '@types/express-serve-static-core': [ '4.17.31' ],
160 silly audit   '@types/serve-static': [ '1.15.0' ],
160 silly audit   '@types/range-parser': [ '1.2.4' ],
160 silly audit   '@types/mime': [ '3.0.1' ]
160 silly audit }
161 silly tarball no local data for @types/mime@https://registry.npmjs.org/@types/mime/-/mime-3.0.1.tgz. Extracting by manifest.
162 silly tarball no local data for @types/range-parser@https://registry.npmjs.org/@types/range-parser/-/range-parser-1.2.4.tgz. Extracting by manifest.
163 silly tarball no local data for @types/serve-static@https://registry.npmjs.org/@types/serve-static/-/serve-static-1.15.0.tgz. Extracting by manifest.
164 silly tarball no local data for @types/express-serve-static-core@https://registry.npmjs.org/@types/express-serve-static-core/-/express-serve-static-core-4.17.31.tgz. Extracting by manifest.
165 silly tarball no local data for @types/ms@https://registry.npmjs.org/@types/ms/-/ms-0.7.31.tgz. Extracting by manifest.
166 silly tarball no local data for @types/node@https://registry.npmjs.org/@types/node/-/node-18.8.1.tgz. Extracting by manifest.
167 silly tarball no local data for @types/connect@https://registry.npmjs.org/@types/connect/-/connect-3.4.35.tgz. Extracting by manifest.
168 silly tarball no local data for @types/uid-safe@https://registry.npmjs.org/@types/uid-safe/-/uid-safe-2.1.2.tgz. Extracting by manifest.
169 silly tarball no local data for @types/type-is@https://registry.npmjs.org/@types/type-is/-/type-is-1.6.3.tgz. Extracting by manifest.
170 silly tarball no local data for @types/random-bytes@https://registry.npmjs.org/@types/random-bytes/-/random-bytes-1.0.1.tgz. Extracting by manifest.
171 silly tarball no local data for @types/qs@https://registry.npmjs.org/@types/qs/-/qs-6.9.7.tgz. Extracting by manifest.
172 silly tarball no local data for @types/parseurl@https://registry.npmjs.org/@types/parseurl/-/parseurl-1.3.1.tgz. Extracting by manifest.
173 silly tarball no local data for @types/on-headers@https://registry.npmjs.org/@types/on-headers/-/on-headers-1.0.0.tgz. Extracting by manifest.
174 silly tarball no local data for @types/nodemon@https://registry.npmjs.org/@types/nodemon/-/nodemon-1.19.2.tgz. Extracting by manifest.
175 silly tarball no local data for @types/nodemailer@https://registry.npmjs.org/@types/nodemailer/-/nodemailer-6.4.6.tgz. Extracting by manifest.
176 silly tarball no local data for @types/mysql@https://registry.npmjs.org/@types/mysql/-/mysql-2.15.21.tgz. Extracting by manifest.
177 silly tarball no local data for @types/iniparser@https://registry.npmjs.org/@types/iniparser/-/iniparser-0.0.29.tgz. Extracting by manifest.
178 silly tarball no local data for @types/http-errors@https://registry.npmjs.org/@types/http-errors/-/http-errors-1.8.2.tgz. Extracting by manifest.
179 silly tarball no local data for @types/express-session@https://registry.npmjs.org/@types/express-session/-/express-session-1.17.5.tgz. Extracting by manifest.
180 silly tarball no local data for @types/express@https://registry.npmjs.org/@types/express/-/express-4.17.14.tgz. Extracting by manifest.
181 silly tarball no local data for @types/ejs@https://registry.npmjs.org/@types/ejs/-/ejs-3.1.1.tgz. Extracting by manifest.
182 silly tarball no local data for @types/depd@https://registry.npmjs.org/@types/depd/-/depd-1.1.32.tgz. Extracting by manifest.
183 silly tarball no local data for @types/debug@https://registry.npmjs.org/@types/debug/-/debug-4.1.7.tgz. Extracting by manifest.
184 silly tarball no local data for @types/cookie-signature@https://registry.npmjs.org/@types/cookie-signature/-/cookie-signature-1.0.4.tgz. Extracting by manifest.
185 silly tarball no local data for @types/cookie-parser@https://registry.npmjs.org/@types/cookie-parser/-/cookie-parser-1.4.3.tgz. Extracting by manifest.
186 silly tarball no local data for @types/cookie@https://registry.npmjs.org/@types/cookie/-/cookie-0.5.1.tgz. Extracting by manifest.
187 silly tarball no local data for @types/content-type@https://registry.npmjs.org/@types/content-type/-/content-type-1.1.5.tgz. Extracting by manifest.
188 silly tarball no local data for @types/bytes@https://registry.npmjs.org/@types/bytes/-/bytes-3.1.1.tgz. Extracting by manifest.
189 silly tarball no local data for @types/body-parser@https://registry.npmjs.org/@types/body-parser/-/body-parser-1.19.2.tgz. Extracting by manifest.
190 http fetch POST 200 https://registry.npmjs.org/-/npm/v1/security/advisories/bulk 481ms
191 timing auditReport:getReport Completed in 484ms
192 silly audit report {}
193 timing auditReport:init Completed in 0ms
194 timing reify:audit Completed in 486ms
195 http fetch GET 200 https://registry.npmjs.org/@types/parseurl/-/parseurl-1.3.1.tgz 419ms (cache miss)
196 timing reifyNode:node_modules/@types/parseurl Completed in 572ms
197 http fetch GET 200 https://registry.npmjs.org/@types/nodemon/-/nodemon-1.19.2.tgz 417ms (cache miss)
198 timing reifyNode:node_modules/@types/nodemon Completed in 585ms
199 http fetch GET 200 https://registry.npmjs.org/@types/qs/-/qs-6.9.7.tgz 444ms (cache miss)
200 timing reifyNode:node_modules/@types/qs Completed in 592ms
201 http fetch GET 200 https://registry.npmjs.org/@types/cookie/-/cookie-0.5.1.tgz 320ms (cache miss)
202 timing reifyNode:node_modules/@types/cookie Completed in 603ms
203 http fetch GET 200 https://registry.npmjs.org/@types/express/-/express-4.17.14.tgz 379ms (cache miss)
204 timing reifyNode:node_modules/@types/express Completed in 610ms
205 http fetch GET 200 https://registry.npmjs.org/@types/on-headers/-/on-headers-1.0.0.tgz 457ms (cache miss)
206 timing reifyNode:node_modules/@types/on-headers Completed in 618ms
207 http fetch GET 200 https://registry.npmjs.org/@types/range-parser/-/range-parser-1.2.4.tgz 569ms (cache miss)
208 timing reifyNode:node_modules/@types/range-parser Completed in 623ms
209 http fetch GET 200 https://registry.npmjs.org/@types/uid-safe/-/uid-safe-2.1.2.tgz 519ms (cache miss)
210 timing reifyNode:node_modules/@types/uid-safe Completed in 635ms
211 http fetch GET 200 https://registry.npmjs.org/@types/depd/-/depd-1.1.32.tgz 381ms (cache miss)
212 timing reifyNode:node_modules/@types/depd Completed in 638ms
213 http fetch GET 200 https://registry.npmjs.org/@types/serve-static/-/serve-static-1.15.0.tgz 582ms (cache miss)
214 timing reifyNode:node_modules/@types/serve-static Completed in 645ms
215 http fetch GET 200 https://registry.npmjs.org/@types/random-bytes/-/random-bytes-1.0.1.tgz 521ms (cache miss)
216 timing reifyNode:node_modules/@types/random-bytes Completed in 650ms
217 http fetch GET 200 https://registry.npmjs.org/@types/http-errors/-/http-errors-1.8.2.tgz 448ms (cache miss)
218 timing reifyNode:node_modules/@types/http-errors Completed in 653ms
219 http fetch GET 200 https://registry.npmjs.org/@types/connect/-/connect-3.4.35.tgz 564ms (cache miss)
220 timing reifyNode:node_modules/@types/connect Completed in 673ms
221 http fetch GET 200 https://registry.npmjs.org/@types/ms/-/ms-0.7.31.tgz 604ms (cache miss)
222 timing reifyNode:node_modules/@types/ms Completed in 684ms
223 http fetch GET 200 https://registry.npmjs.org/@types/body-parser/-/body-parser-1.19.2.tgz 387ms (cache miss)
224 timing reifyNode:node_modules/@types/body-parser Completed in 692ms
225 http fetch GET 200 https://registry.npmjs.org/@types/bytes/-/bytes-3.1.1.tgz 406ms (cache miss)
226 timing reifyNode:node_modules/@types/bytes Completed in 705ms
227 http fetch GET 200 https://registry.npmjs.org/@types/mime/-/mime-3.0.1.tgz 677ms (cache miss)
228 timing reifyNode:node_modules/@types/mime Completed in 721ms
229 http fetch GET 200 https://registry.npmjs.org/@types/cookie-signature/-/cookie-signature-1.0.4.tgz 455ms (cache miss)
230 timing reifyNode:node_modules/@types/cookie-signature Completed in 726ms
231 http fetch GET 200 https://registry.npmjs.org/@types/express-serve-static-core/-/express-serve-static-core-4.17.31.tgz 665ms (cache miss)
232 timing reifyNode:node_modules/@types/express-serve-static-core Completed in 736ms
233 http fetch GET 200 https://registry.npmjs.org/@types/ejs/-/ejs-3.1.1.tgz 490ms (cache miss)
234 timing reifyNode:node_modules/@types/ejs Completed in 742ms
235 http fetch GET 200 https://registry.npmjs.org/@types/mysql/-/mysql-2.15.21.tgz 559ms (cache miss)
236 timing reifyNode:node_modules/@types/mysql Completed in 748ms
237 http fetch GET 200 https://registry.npmjs.org/@types/debug/-/debug-4.1.7.tgz 501ms (cache miss)
238 timing reifyNode:node_modules/@types/debug Completed in 765ms
239 http fetch GET 200 https://registry.npmjs.org/@types/iniparser/-/iniparser-0.0.29.tgz 580ms (cache miss)
240 timing reifyNode:node_modules/@types/iniparser Completed in 778ms
241 http fetch GET 200 https://registry.npmjs.org/@types/nodemailer/-/nodemailer-6.4.6.tgz 648ms (cache miss)
242 timing reifyNode:node_modules/@types/nodemailer Completed in 822ms
243 http fetch GET 200 https://registry.npmjs.org/@types/type-is/-/type-is-1.6.3.tgz 753ms (cache miss)
244 timing reifyNode:node_modules/@types/type-is Completed in 875ms
245 http fetch GET 200 https://registry.npmjs.org/@types/node/-/node-18.8.1.tgz 890ms (cache miss)
246 timing reifyNode:node_modules/@types/node Completed in 980ms
247 http fetch GET 200 https://registry.npmjs.org/@types/cookie-parser/-/cookie-parser-1.4.3.tgz 811ms (cache miss)
248 timing reifyNode:node_modules/@types/cookie-parser Completed in 1088ms
249 http fetch GET 200 https://registry.npmjs.org/@types/express-session/-/express-session-1.17.5.tgz 888ms (cache miss)
250 timing reifyNode:node_modules/@types/express-session Completed in 1109ms
251 http fetch GET 200 https://registry.npmjs.org/@types/content-type/-/content-type-1.1.5.tgz 855ms (cache miss)
252 timing reifyNode:node_modules/@types/content-type Completed in 1148ms
253 timing reify:unpack Completed in 1151ms
254 timing reify:unretire Completed in 1ms
255 timing build:queue Completed in 3ms
256 timing build:deps Completed in 4ms
257 timing build Completed in 4ms
258 timing reify:build Completed in 6ms
259 timing reify:trash Completed in 0ms
260 timing reify:save Completed in 52ms
261 timing reify Completed in 2743ms
262 silly ADD node_modules/@types/mime
263 silly ADD node_modules/@types/range-parser
264 silly ADD node_modules/@types/serve-static
265 silly ADD node_modules/@types/express-serve-static-core
266 silly ADD node_modules/@types/ms
267 silly ADD node_modules/@types/node
268 silly ADD node_modules/@types/connect
269 silly ADD node_modules/@types/uid-safe
270 silly ADD node_modules/@types/type-is
271 silly ADD node_modules/@types/random-bytes
272 silly ADD node_modules/@types/qs
273 silly ADD node_modules/@types/parseurl
274 silly ADD node_modules/@types/on-headers
275 silly ADD node_modules/@types/nodemon
276 silly ADD node_modules/@types/nodemailer
277 silly ADD node_modules/@types/mysql
278 silly ADD node_modules/@types/iniparser
279 silly ADD node_modules/@types/http-errors
280 silly ADD node_modules/@types/express-session
281 silly ADD node_modules/@types/express
282 silly ADD node_modules/@types/ejs
283 silly ADD node_modules/@types/depd
284 silly ADD node_modules/@types/debug
285 silly ADD node_modules/@types/cookie-signature
286 silly ADD node_modules/@types/cookie-parser
287 silly ADD node_modules/@types/cookie
288 silly ADD node_modules/@types/content-type
289 silly ADD node_modules/@types/bytes
290 silly ADD node_modules/@types/body-parser
291 timing command:install Completed in 2753ms
292 verbose exit 0
293 timing npm Completed in 3186ms
294 info ok
